Classic Timing Analyzer report for GENER5
Sat Aug 14 13:15:05 2021
Quartus II Version 9.1 Build 350 03/24/2010 Service Pack 2 SJ Web Edition


---------------------
; Table of Contents ;
---------------------
  1. Legal Notice
  2. Timing Analyzer Summary
  3. Timing Analyzer Settings
  4. Clock Settings Summary
  5. Parallel Compilation
  6. Clock Setup: 'clk'
  7. tco
  8. Timing Analyzer Messages



----------------
; Legal Notice ;
----------------
Copyright (C) 1991-2010 Altera Corporation
Your use of Altera Corporation's design tools, logic functions 
and other software and tools, and its AMPP partner logic 
functions, and any output files from any of the foregoing 
(including device programming or simulation files), and any 
associated documentation or information are expressly subject 
to the terms and conditions of the Altera Program License 
Subscription Agreement, Altera MegaCore Function License 
Agreement, or other applicable license agreement, including, 
without limitation, that your use is for the sole purpose of 
programming logic devices manufactured by Altera and sold by 
Altera or its authorized distributors.  Please refer to the 
applicable agreement for further details.



+-----------------------------------------------------------------------------------------------------------------------------------------------------+
; Timing Analyzer Summary                                                                                                                             ;
+------------------------------+-------+---------------+----------------------------------+--------+-----------+------------+----------+--------------+
; Type                         ; Slack ; Required Time ; Actual Time                      ; From   ; To        ; From Clock ; To Clock ; Failed Paths ;
+------------------------------+-------+---------------+----------------------------------+--------+-----------+------------+----------+--------------+
; Worst-case tco               ; N/A   ; None          ; 7.200 ns                         ; cnt[1] ; digits[1] ; clk        ; --       ; 0            ;
; Clock Setup: 'clk'           ; N/A   ; None          ; 138.89 MHz ( period = 7.200 ns ) ; cnt[1] ; cnt[2]    ; clk        ; clk      ; 0            ;
; Total number of failed paths ;       ;               ;                                  ;        ;           ;            ;          ; 0            ;
+------------------------------+-------+---------------+----------------------------------+--------+-----------+------------+----------+--------------+


+-----------------------------------------------------------------------------------------------------------------------------------------------------+
; Timing Analyzer Settings                                                                                                                            ;
+------------------------------------------------------------------------------------------------------+--------------------+------+----+-------------+
; Option                                                                                               ; Setting            ; From ; To ; Entity Name ;
+------------------------------------------------------------------------------------------------------+--------------------+------+----+-------------+
; Device Name                                                                                          ; EPM3032ALC44-7     ;      ;    ;             ;
; Timing Models                                                                                        ; Final              ;      ;    ;             ;
; Default hold multicycle                                                                              ; Same as Multicycle ;      ;    ;             ;
; Cut paths between unrelated clock domains                                                            ; On                 ;      ;    ;             ;
; Cut off read during write signal paths                                                               ; On                 ;      ;    ;             ;
; Cut off feedback from I/O pins                                                                       ; On                 ;      ;    ;             ;
; Report Combined Fast/Slow Timing                                                                     ; Off                ;      ;    ;             ;
; Ignore Clock Settings                                                                                ; Off                ;      ;    ;             ;
; Analyze latches as synchronous elements                                                              ; On                 ;      ;    ;             ;
; Enable Recovery/Removal analysis                                                                     ; Off                ;      ;    ;             ;
; Enable Clock Latency                                                                                 ; Off                ;      ;    ;             ;
; Use TimeQuest Timing Analyzer                                                                        ; Off                ;      ;    ;             ;
; Minimum Core Junction Temperature                                                                    ; 0                  ;      ;    ;             ;
; Maximum Core Junction Temperature                                                                    ; 85                 ;      ;    ;             ;
; Number of source nodes to report per destination node                                                ; 10                 ;      ;    ;             ;
; Number of destination nodes to report                                                                ; 10                 ;      ;    ;             ;
; Number of paths to report                                                                            ; 200                ;      ;    ;             ;
; Report Minimum Timing Checks                                                                         ; Off                ;      ;    ;             ;
; Use Fast Timing Models                                                                               ; Off                ;      ;    ;             ;
; Report IO Paths Separately                                                                           ; Off                ;      ;    ;             ;
; Perform Multicorner Analysis                                                                         ; Off                ;      ;    ;             ;
; Reports the worst-case path for each clock domain and analysis                                       ; Off                ;      ;    ;             ;
; Reports worst-case timing paths for each clock domain and analysis                                   ; On                 ;      ;    ;             ;
; Specifies the maximum number of worst-case timing paths to report for each clock domain and analysis ; 100                ;      ;    ;             ;
; Removes common clock path pessimism (CCPP) during slack computation                                  ; Off                ;      ;    ;             ;
; Output I/O Timing Endpoint                                                                           ; Near End           ;      ;    ;             ;
+------------------------------------------------------------------------------------------------------+--------------------+------+----+-------------+


+------------------------------------------------------------------------------------------------------------------------------------------------------------------------------------+
; Clock Settings Summary                                                                                                                                                             ;
+-----------------+--------------------+----------+------------------+---------------+--------------+----------+-----------------------+---------------------+--------+--------------+
; Clock Node Name ; Clock Setting Name ; Type     ; Fmax Requirement ; Early Latency ; Late Latency ; Based on ; Multiply Base Fmax by ; Divide Base Fmax by ; Offset ; Phase offset ;
+-----------------+--------------------+----------+------------------+---------------+--------------+----------+-----------------------+---------------------+--------+--------------+
; clk             ;                    ; User Pin ; None             ; 0.000 ns      ; 0.000 ns     ; --       ; N/A                   ; N/A                 ; N/A    ;              ;
+-----------------+--------------------+----------+------------------+---------------+--------------+----------+-----------------------+---------------------+--------+--------------+


Parallel compilation was disabled, but you have multiple processors available. Enable parallel compilation to reduce compilation time.
+-------------------------------------+
; Parallel Compilation                ;
+----------------------------+--------+
; Processors                 ; Number ;
+----------------------------+--------+
; Number detected on machine ; 4      ;
; Maximum allowed            ; 1      ;
+----------------------------+--------+


+------------------------------------------------------------------------------------------------------------------------------------------------------------------------+
; Clock Setup: 'clk'                                                                                                                                                     ;
+-------+----------------------------------+--------+--------+------------+----------+-----------------------------+---------------------------+-------------------------+
; Slack ; Actual fmax (period)             ; From   ; To     ; From Clock ; To Clock ; Required Setup Relationship ; Required Longest P2P Time ; Actual Longest P2P Time ;
+-------+----------------------------------+--------+--------+------------+----------+-----------------------------+---------------------------+-------------------------+
; N/A   ; 138.89 MHz ( period = 7.200 ns ) ; cnt[0] ; cnt[1] ; clk        ; clk      ; None                        ; None                      ; 4.000 ns                ;
; N/A   ; 138.89 MHz ( period = 7.200 ns ) ; cnt[4] ; cnt[0] ; clk        ; clk      ; None                        ; None                      ; 4.000 ns                ;
; N/A   ; 138.89 MHz ( period = 7.200 ns ) ; cnt[2] ; cnt[0] ; clk        ; clk      ; None                        ; None                      ; 4.000 ns                ;
; N/A   ; 138.89 MHz ( period = 7.200 ns ) ; cnt[3] ; cnt[4] ; clk        ; clk      ; None                        ; None                      ; 4.000 ns                ;
; N/A   ; 138.89 MHz ( period = 7.200 ns ) ; cnt[2] ; cnt[3] ; clk        ; clk      ; None                        ; None                      ; 4.000 ns                ;
; N/A   ; 138.89 MHz ( period = 7.200 ns ) ; cnt[1] ; cnt[2] ; clk        ; clk      ; None                        ; None                      ; 4.000 ns                ;
+-------+----------------------------------+--------+--------+------------+----------+-----------------------------+---------------------------+-------------------------+


+---------------------------------------------------------------------+
; tco                                                                 ;
+-------+--------------+------------+--------+-----------+------------+
; Slack ; Required tco ; Actual tco ; From   ; To        ; From Clock ;
+-------+--------------+------------+--------+-----------+------------+
; N/A   ; None         ; 7.200 ns   ; cnt[0] ; digits[0] ; clk        ;
; N/A   ; None         ; 7.200 ns   ; cnt[4] ; digits[4] ; clk        ;
; N/A   ; None         ; 7.200 ns   ; cnt[3] ; digits[3] ; clk        ;
; N/A   ; None         ; 7.200 ns   ; cnt[2] ; digits[2] ; clk        ;
; N/A   ; None         ; 7.200 ns   ; cnt[1] ; digits[1] ; clk        ;
+-------+--------------+------------+--------+-----------+------------+


+--------------------------+
; Timing Analyzer Messages ;
+--------------------------+
Info: *******************************************************************
Info: Running Quartus II Classic Timing Analyzer
    Info: Version 9.1 Build 350 03/24/2010 Service Pack 2 SJ Web Edition
    Info: Processing started: Sat Aug 14 13:15:05 2021
Info: Command: quartus_tan --read_settings_files=off --write_settings_files=off GENER5 -c GENER5
Info: Started post-fitting delay annotation
Info: Delay annotation completed successfully
Warning: Timing Analysis does not support the analysis of latches as synchronous elements for the currently selected device family
Warning: Found pins functioning as undefined clocks and/or memory enables
    Info: Assuming node "clk" is an undefined clock
Info: Clock "clk" has Internal fmax of 138.89 MHz between source register "cnt[0]" and destination register "cnt[1]" (period= 7.2 ns)
    Info: + Longest register to register delay is 4.000 ns
        Info: 1: + IC(0.000 ns) + CELL(0.000 ns) = 0.000 ns; Loc. = LC16; Fanout = 7; REG Node = 'cnt[0]'
        Info: 2: + IC(1.500 ns) + CELL(2.500 ns) = 4.000 ns; Loc. = LC14; Fanout = 7; REG Node = 'cnt[1]'
        Info: Total cell delay = 2.500 ns ( 62.50 % )
        Info: Total interconnect delay = 1.500 ns ( 37.50 % )
    Info: - Smallest clock skew is 0.000 ns
        Info: + Shortest clock path from clock "clk" to destination register is 4.700 ns
            Info: 1: + IC(0.000 ns) + CELL(1.200 ns) = 1.200 ns; Loc. = PIN_4; Fanout = 5; CLK Node = 'clk'
            Info: 2: + IC(1.500 ns) + CELL(2.000 ns) = 4.700 ns; Loc. = LC14; Fanout = 7; REG Node = 'cnt[1]'
            Info: Total cell delay = 3.200 ns ( 68.09 % )
            Info: Total interconnect delay = 1.500 ns ( 31.91 % )
        Info: - Longest clock path from clock "clk" to source register is 4.700 ns
            Info: 1: + IC(0.000 ns) + CELL(1.200 ns) = 1.200 ns; Loc. = PIN_4; Fanout = 5; CLK Node = 'clk'
            Info: 2: + IC(1.500 ns) + CELL(2.000 ns) = 4.700 ns; Loc. = LC16; Fanout = 7; REG Node = 'cnt[0]'
            Info: Total cell delay = 3.200 ns ( 68.09 % )
            Info: Total interconnect delay = 1.500 ns ( 31.91 % )
    Info: + Micro clock to output delay of source is 1.200 ns
    Info: + Micro setup delay of destination is 2.000 ns
Info: tco from clock "clk" to destination pin "digits[0]" through register "cnt[0]" is 7.200 ns
    Info: + Longest clock path from clock "clk" to source register is 4.700 ns
        Info: 1: + IC(0.000 ns) + CELL(1.200 ns) = 1.200 ns; Loc. = PIN_4; Fanout = 5; CLK Node = 'clk'
        Info: 2: + IC(1.500 ns) + CELL(2.000 ns) = 4.700 ns; Loc. = LC16; Fanout = 7; REG Node = 'cnt[0]'
        Info: Total cell delay = 3.200 ns ( 68.09 % )
        Info: Total interconnect delay = 1.500 ns ( 31.91 % )
    Info: + Micro clock to output delay of source is 1.200 ns
    Info: + Longest register to pin delay is 1.300 ns
        Info: 1: + IC(0.000 ns) + CELL(0.000 ns) = 0.000 ns; Loc. = LC16; Fanout = 7; REG Node = 'cnt[0]'
        Info: 2: + IC(0.000 ns) + CELL(1.300 ns) = 1.300 ns; Loc. = PIN_21; Fanout = 0; PIN Node = 'digits[0]'
        Info: Total cell delay = 1.300 ns ( 100.00 % )
Info: Quartus II Classic Timing Analyzer was successful. 0 errors, 2 warnings
    Info: Peak virtual memory: 172 megabytes
    Info: Processing ended: Sat Aug 14 13:15:05 2021
    Info: Elapsed time: 00:00:00
    Info: Total CPU time (on all processors): 00:00:00


