Flow report for GENER5
Sat Aug 14 13:15:05 2021
Quartus II Version 9.1 Build 350 03/24/2010 Service Pack 2 SJ Web Edition


---------------------
; Table of Contents ;
---------------------
  1. Legal Notice
  2. Flow Summary
  3. Flow Settings
  4. Flow Non-Default Global Settings
  5. Flow Elapsed Time
  6. Flow OS Summary
  7. Flow Log



----------------
; Legal Notice ;
----------------
Copyright (C) 1991-2010 Altera Corporation
Your use of Altera Corporation's design tools, logic functions 
and other software and tools, and its AMPP partner logic 
functions, and any output files from any of the foregoing 
(including device programming or simulation files), and any 
associated documentation or information are expressly subject 
to the terms and conditions of the Altera Program License 
Subscription Agreement, Altera MegaCore Function License 
Agreement, or other applicable license agreement, including, 
without limitation, that your use is for the sole purpose of 
programming logic devices manufactured by Altera and sold by 
Altera or its authorized distributors.  Please refer to the 
applicable agreement for further details.



+------------------------------------------------------------------------+
; Flow Summary                                                           ;
+-------------------------+----------------------------------------------+
; Flow Status             ; Successful - Sat Aug 14 13:15:05 2021        ;
; Quartus II Version      ; 9.1 Build 350 03/24/2010 SP 2 SJ Web Edition ;
; Revision Name           ; GENER5                                       ;
; Top-level Entity Name   ; GENER5                                       ;
; Family                  ; MAX3000A                                     ;
; Device                  ; EPM3032ALC44-7                               ;
; Timing Models           ; Final                                        ;
; Met timing requirements ; Yes                                          ;
; Total macrocells        ; 5 / 32 ( 16 % )                              ;
; Total pins              ; 10 / 34 ( 29 % )                             ;
+-------------------------+----------------------------------------------+


+-----------------------------------------+
; Flow Settings                           ;
+-------------------+---------------------+
; Option            ; Setting             ;
+-------------------+---------------------+
; Start date & time ; 08/14/2021 13:15:01 ;
; Main task         ; Compilation         ;
; Revision Name     ; GENER5              ;
+-------------------+---------------------+


+------------------------------------------------------------------------------------------------------------------------------------------+
; Flow Non-Default Global Settings                                                                                                         ;
+------------------------------------+------------------------------------------------------+---------------+-------------+----------------+
; Assignment Name                    ; Value                                                ; Default Value ; Entity Name ; Section Id     ;
+------------------------------------+------------------------------------------------------+---------------+-------------+----------------+
; COMPILER_SIGNATURE_ID              ; 13842245623688.162893610115320                       ; --            ; --          ; --             ;
; MAX_CORE_JUNCTION_TEMP             ; 85                                                   ; --            ; --          ; --             ;
; MIN_CORE_JUNCTION_TEMP             ; 0                                                    ; --            ; --          ; --             ;
; MISC_FILE                          ; D:/!Email/!StudWorks/MatBuro/4253834/VHDL/GENER5.dpf ; --            ; --          ; --             ;
; MISC_FILE                          ; D:/!StudWork/MatBuro/4253834/VHDL/GENER5.dpf         ; --            ; --          ; --             ;
; USE_GENERATED_PHYSICAL_CONSTRAINTS ; Off                                                  ; --            ; --          ; eda_blast_fpga ;
+------------------------------------+------------------------------------------------------+---------------+-------------+----------------+


+-----------------------------------------------------------------------------------------------------------------------------+
; Flow Elapsed Time                                                                                                           ;
+-------------------------+--------------+-------------------------+---------------------+------------------------------------+
; Module Name             ; Elapsed Time ; Average Processors Used ; Peak Virtual Memory ; Total CPU Time (on all processors) ;
+-------------------------+--------------+-------------------------+---------------------+------------------------------------+
; Analysis & Synthesis    ; 00:00:01     ; 1.0                     ; 237 MB              ; 00:00:01                           ;
; Fitter                  ; 00:00:00     ; 1.0                     ; 182 MB              ; 00:00:00                           ;
; Assembler               ; 00:00:00     ; 1.0                     ; 187 MB              ; 00:00:00                           ;
; Classic Timing Analyzer ; 00:00:00     ; 1.0                     ; 158 MB              ; 00:00:00                           ;
; Total                   ; 00:00:01     ; --                      ; --                  ; 00:00:01                           ;
+-------------------------+--------------+-------------------------+---------------------+------------------------------------+


+------------------------------------------------------------------------------------------+
; Flow OS Summary                                                                          ;
+-------------------------+------------------+---------------+------------+----------------+
; Module Name             ; Machine Hostname ; OS Name       ; OS Version ; Processor type ;
+-------------------------+------------------+---------------+------------+----------------+
; Analysis & Synthesis    ; DESKTOP-1RO2OT5  ; Windows Vista ; 6.2        ; x86_64         ;
; Fitter                  ; DESKTOP-1RO2OT5  ; Windows Vista ; 6.2        ; x86_64         ;
; Assembler               ; DESKTOP-1RO2OT5  ; Windows Vista ; 6.2        ; x86_64         ;
; Classic Timing Analyzer ; DESKTOP-1RO2OT5  ; Windows Vista ; 6.2        ; x86_64         ;
+-------------------------+------------------+---------------+------------+----------------+


------------
; Flow Log ;
------------
quartus_map --read_settings_files=on --write_settings_files=off GENER5 -c GENER5
quartus_fit --read_settings_files=off --write_settings_files=off GENER5 -c GENER5
quartus_asm --read_settings_files=off --write_settings_files=off GENER5 -c GENER5
quartus_tan --read_settings_files=off --write_settings_files=off GENER5 -c GENER5



